<?xml version="1.0" encoding="UTF-8"?>
<!-- Generated by org.testng.reporters.JUnitReportReporter -->
<testsuite hostname="Rashmis-Air" name="cucumberTest.SearchTest" tests="1" failures="0" timestamp="12 Jul 2016 23:24:42 GMT" time="8.892" errors="0">
  <testcase name="testJava2" time="8.892" classname="cucumberTest.SearchTest"/>
</testsuite> <!-- cucumberTest.SearchTest -->
